<?xml version="1.0" encoding="UTF-8"?>
<!-- Generated by org.testng.reporters.JUnitReportReporter -->
<testsuite skipped="0" hostname="Ravi.local" name="com.sap.testcases.SignUpTest" tests="6" failures="0" timestamp="01 Aug 2020 06:30:55 GMT" time="16.544" errors="0">
  <testcase name="verifyTitle" time="0.144" classname="com.sap.testcases.SignUpTest"/>
  <testcase name="cookies" time="0.566" classname="com.sap.testcases.SignUpTest"/>
  <testcase name="clickSignUpBtn" time="2.995" classname="com.sap.testcases.SignUpTest"/>
  <testcase name="verifyRegisterPopUp" time="0.965" classname="com.sap.testcases.SignUpTest"/>
  <testcase name="EnterUserDetails" time="8.726" classname="com.sap.testcases.SignUpTest"/>
  <testcase name="verifySuccessMsg" time="3.148" classname="com.sap.testcases.SignUpTest"/>
</testsuite> <!-- com.sap.testcases.SignUpTest -->
