<?xml version="1.0" encoding="UTF-8"?>
<!-- Generated by org.testng.reporters.JUnitReportReporter -->
<testsuite skipped="0" hostname="Ravi.local" name="com.sap.testcases.launchBrowsers" tests="1" failures="0" timestamp="30 Jul 2020 16:37:59 GMT" time="6.174" errors="0">
  <testcase name="signup" time="6.174" classname="com.sap.testcases.launchBrowsers"/>
</testsuite> <!-- com.sap.testcases.launchBrowsers -->
